<?xml version="1.0" encoding="UTF-8"?>
<Site BuildName="(empty)"
	BuildStamp="20240810-0747-Experimental"
	Name="sithija-rog"
	Generator="ctest-3.22.1"
	CompilerName="/usr/bin/c++"
	CompilerVersion="11.4.0"
	OSName="Linux"
	Hostname="sithija-rog"
	OSRelease="6.5.0-44-generic"
	OSVersion="#44~22.04.1-Ubuntu SMP PREEMPT_DYNAMIC Tue Jun 18 14:36:16 UTC 2"
	OSPlatform="x86_64"
	Is64Bits="1"
	VendorString="AuthenticAMD"
	VendorID="Advanced Micro Devices"
	FamilyID="23"
	ModelID="96"
	ProcessorCacheSize="512"
	NumberOfLogicalCPU="16"
	NumberOfPhysicalCPU="8"
	TotalVirtualMemory="0"
	TotalPhysicalMemory="15395"
	LogicalProcessorsPerPhysical="2"
	ProcessorClockFrequency="3932.95"
	>
	<Testing>
		<StartDateTime>Aug 10 19:59 +0530</StartDateTime>
		<StartTestTime>1723300165</StartTestTime>
		<TestList/>
		<EndDateTime>Aug 10 19:59 +0530</EndDateTime>
		<EndTestTime>1723300165</EndTestTime>
		<ElapsedMinutes>0</ElapsedMinutes>
	</Testing>
</Site>
